<?xml version="1.0" encoding="UTF-8" ?>
<testsuite errors="0" failures="0" hostname="n103285" name="grailsapp.ProjectIntegrationTests" tests="1" time="0.141" timestamp="2013-10-02T15:03:12">
  <properties />
  <testcase classname="grailsapp.ProjectIntegrationTests" name="testFirstProject" time="0.139" />
  <system-out><![CDATA[--Output from testFirstProject--
]]></system-out>
  <system-err><![CDATA[--Output from testFirstProject--
]]></system-err>
</testsuite>
