<?xml version="1.0" encoding="UTF-8" ?>
<testsuite errors="0" failures="0" hostname="n103285" name="grailsapp.PersonIntegrationTests" tests="1" time="0.208" timestamp="2013-10-02T15:03:12">
  <properties />
  <testcase classname="grailsapp.PersonIntegrationTests" name="testSomething" time="0.196" />
  <system-out><![CDATA[--Output from testSomething--
]]></system-out>
  <system-err><![CDATA[--Output from testSomething--
]]></system-err>
</testsuite>
